<?xml version="1.0" encoding="UTF-8"?>
<!-- Generated by org.testng.reporters.JUnitReportReporter -->
<testsuite hostname="hp" failures="0" tests="1" name="Demo.Sample" time="0.008" errors="0" timestamp="2025-09-20T09:38:34 IST" skipped="0">
  <testcase classname="Demo.Sample" name="Demo2" time="0.008"/>
  <system-out/>
</testsuite> <!-- Demo.Sample -->
