<?xml version="1.0" encoding="UTF-8"?>
<!-- Generated by org.testng.reporters.JUnitReportReporter -->
<testsuite hostname="hp" failures="0" tests="1" name="Demo.GitPractice$demo" time="0.009" errors="0" timestamp="2025-09-20T09:39:06 IST" skipped="0">
  <testcase classname="Demo.GitPractice$demo" name="demo" time="0.009"/>
  <system-out/>
</testsuite> <!-- Demo.GitPractice$demo -->
